<?xml version="1.0" encoding="UTF-8"?>
<testsuites>
  <testsuite name="Backend Tests" tests="2" errors="0" failures="0" skipped="0">
    <testcase classname="BasicTest" name="should pass this test" />
    <testcase classname="BasicTest" name="should check that true is true" />
  </testsuite>
</testsuites>