<?xml version="1.0" encoding="UTF-8"?>
<testsuites>
  <testsuite name="Frontend Tests" tests="1" errors="0" failures="0" skipped="0">
    <testcase classname="DummyTest" name="should pass this placeholder test" />
  </testsuite>
</testsuites>